<?xml version="1.0" encoding="UTF-8"?>
<coverage generated="1758811721">
  <project timestamp="1758811721" name="Clover Coverage">
    <package name="App\Http\Controllers\Admin">
      <file name="C:\Foxminded\Task-12\app\Http\Controllers\Admin\CategoryController.php">
        <class name="App\Http\Controllers\Admin\CategoryController" namespace="App\Http\Controllers\Admin">
          <metrics complexity="8" methods="7" coveredmethods="7" conditionals="0" coveredconditionals="0" statements="32" coveredstatements="32" elements="39" coveredelements="39"/>
        </class>
        <line num="13" type="method" name="index" visibility="public" complexity="1" crap="1" count="1"/>
        <line num="15" type="stmt" count="1"/>
        <line num="16" type="stmt" count="1"/>
        <line num="17" type="stmt" count="1"/>
        <line num="19" type="stmt" count="1"/>
        <line num="22" type="method" name="create" visibility="public" complexity="1" crap="1" count="1"/>
        <line num="24" type="stmt" count="1"/>
        <line num="27" type="method" name="store" visibility="public" complexity="1" crap="1" count="2"/>
        <line num="29" type="stmt" count="2"/>
        <line num="30" type="stmt" count="2"/>
        <line num="31" type="stmt" count="2"/>
        <line num="32" type="stmt" count="2"/>
        <line num="34" type="stmt" count="1"/>
        <line num="36" type="stmt" count="1"/>
        <line num="37" type="stmt" count="1"/>
        <line num="38" type="stmt" count="1"/>
        <line num="41" type="method" name="show" visibility="public" complexity="1" crap="1" count="1"/>
        <line num="43" type="stmt" count="1"/>
        <line num="44" type="stmt" count="1"/>
        <line num="47" type="method" name="edit" visibility="public" complexity="1" crap="1" count="1"/>
        <line num="49" type="stmt" count="1"/>
        <line num="52" type="method" name="update" visibility="public" complexity="1" crap="1" count="1"/>
        <line num="54" type="stmt" count="1"/>
        <line num="55" type="stmt" count="1"/>
        <line num="56" type="stmt" count="1"/>
        <line num="57" type="stmt" count="1"/>
        <line num="59" type="stmt" count="1"/>
        <line num="61" type="stmt" count="1"/>
        <line num="62" type="stmt" count="1"/>
        <line num="63" type="stmt" count="1"/>
        <line num="66" type="method" name="destroy" visibility="public" complexity="2" crap="2" count="2"/>
        <line num="68" type="stmt" count="2"/>
        <line num="69" type="stmt" count="1"/>
        <line num="70" type="stmt" count="1"/>
        <line num="71" type="stmt" count="1"/>
        <line num="74" type="stmt" count="1"/>
        <line num="76" type="stmt" count="1"/>
        <line num="77" type="stmt" count="1"/>
        <line num="78" type="stmt" count="1"/>
        <metrics loc="80" ncloc="80" classes="1" methods="7" coveredmethods="7" conditionals="0" coveredconditionals="0" statements="32" coveredstatements="32" elements="39" coveredelements="39"/>
      </file>
      <file name="C:\Foxminded\Task-12\app\Http\Controllers\Admin\CommentController.php">
        <class name="App\Http\Controllers\Admin\CommentController" namespace="App\Http\Controllers\Admin">
          <metrics complexity="7" methods="7" coveredmethods="7" conditionals="0" coveredconditionals="0" statements="40" coveredstatements="40" elements="47" coveredelements="47"/>
        </class>
        <line num="14" type="method" name="index" visibility="public" complexity="1" crap="1" count="1"/>
        <line num="16" type="stmt" count="1"/>
        <line num="17" type="stmt" count="1"/>
        <line num="18" type="stmt" count="1"/>
        <line num="20" type="stmt" count="1"/>
        <line num="23" type="method" name="create" visibility="public" complexity="1" crap="1" count="1"/>
        <line num="25" type="stmt" count="1"/>
        <line num="26" type="stmt" count="1"/>
        <line num="29" type="method" name="store" visibility="public" complexity="1" crap="1" count="2"/>
        <line num="31" type="stmt" count="2"/>
        <line num="32" type="stmt" count="2"/>
        <line num="33" type="stmt" count="2"/>
        <line num="34" type="stmt" count="2"/>
        <line num="35" type="stmt" count="2"/>
        <line num="37" type="stmt" count="1"/>
        <line num="38" type="stmt" count="1"/>
        <line num="39" type="stmt" count="1"/>
        <line num="40" type="stmt" count="1"/>
        <line num="41" type="stmt" count="1"/>
        <line num="43" type="stmt" count="1"/>
        <line num="44" type="stmt" count="1"/>
        <line num="45" type="stmt" count="1"/>
        <line num="48" type="method" name="show" visibility="public" complexity="1" crap="1" count="1"/>
        <line num="50" type="stmt" count="1"/>
        <line num="51" type="stmt" count="1"/>
        <line num="54" type="method" name="edit" visibility="public" complexity="1" crap="1" count="1"/>
        <line num="56" type="stmt" count="1"/>
        <line num="57" type="stmt" count="1"/>
        <line num="60" type="method" name="update" visibility="public" complexity="1" crap="1" count="2"/>
        <line num="62" type="stmt" count="2"/>
        <line num="63" type="stmt" count="2"/>
        <line num="64" type="stmt" count="2"/>
        <line num="65" type="stmt" count="2"/>
        <line num="66" type="stmt" count="2"/>
        <line num="68" type="stmt" count="1"/>
        <line num="69" type="stmt" count="1"/>
        <line num="70" type="stmt" count="1"/>
        <line num="71" type="stmt" count="1"/>
        <line num="72" type="stmt" count="1"/>
        <line num="74" type="stmt" count="1"/>
        <line num="75" type="stmt" count="1"/>
        <line num="76" type="stmt" count="1"/>
        <line num="79" type="method" name="destroy" visibility="public" complexity="1" crap="1" count="1"/>
        <line num="81" type="stmt" count="1"/>
        <line num="83" type="stmt" count="1"/>
        <line num="84" type="stmt" count="1"/>
        <line num="85" type="stmt" count="1"/>
        <metrics loc="87" ncloc="87" classes="1" methods="7" coveredmethods="7" conditionals="0" coveredconditionals="0" statements="40" coveredstatements="40" elements="47" coveredelements="47"/>
      </file>
      <file name="C:\Foxminded\Task-12\app\Http\Controllers\Admin\DashboardController.php">
        <class name="App\Http\Controllers\Admin\DashboardController" namespace="App\Http\Controllers\Admin">
          <metrics complexity="1" methods="1" coveredmethods="1" conditionals="0" coveredconditionals="0" statements="16" coveredstatements="16" elements="17" coveredelements="17"/>
        </class>
        <line num="14" type="method" name="index" visibility="public" complexity="1" crap="1" count="6"/>
        <line num="16" type="stmt" count="6"/>
        <line num="17" type="stmt" count="6"/>
        <line num="18" type="stmt" count="6"/>
        <line num="19" type="stmt" count="6"/>
        <line num="20" type="stmt" count="6"/>
        <line num="21" type="stmt" count="6"/>
        <line num="22" type="stmt" count="6"/>
        <line num="24" type="stmt" count="6"/>
        <line num="25" type="stmt" count="6"/>
        <line num="26" type="stmt" count="6"/>
        <line num="27" type="stmt" count="6"/>
        <line num="29" type="stmt" count="6"/>
        <line num="30" type="stmt" count="6"/>
        <line num="31" type="stmt" count="6"/>
        <line num="32" type="stmt" count="6"/>
        <line num="34" type="stmt" count="6"/>
        <metrics loc="36" ncloc="36" classes="1" methods="1" coveredmethods="1" conditionals="0" coveredconditionals="0" statements="16" coveredstatements="16" elements="17" coveredelements="17"/>
      </file>
      <file name="C:\Foxminded\Task-12\app\Http\Controllers\Admin\PostController.php">
        <class name="App\Http\Controllers\Admin\PostController" namespace="App\Http\Controllers\Admin">
          <metrics complexity="12" methods="7" coveredmethods="6" conditionals="0" coveredconditionals="0" statements="66" coveredstatements="62" elements="73" coveredelements="68"/>
        </class>
        <line num="16" type="method" name="index" visibility="public" complexity="1" crap="1" count="2"/>
        <line num="18" type="stmt" count="2"/>
        <line num="19" type="stmt" count="2"/>
        <line num="20" type="stmt" count="2"/>
        <line num="22" type="stmt" count="2"/>
        <line num="23" type="stmt" count="2"/>
        <line num="25" type="stmt" count="2"/>
        <line num="28" type="method" name="create" visibility="public" complexity="1" crap="1" count="1"/>
        <line num="30" type="stmt" count="1"/>
        <line num="31" type="stmt" count="1"/>
        <line num="32" type="stmt" count="1"/>
        <line num="34" type="stmt" count="1"/>
        <line num="36" type="method" name="store" visibility="public" complexity="3" crap="3" count="3"/>
        <line num="38" type="stmt" count="3"/>
        <line num="39" type="stmt" count="3"/>
        <line num="40" type="stmt" count="3"/>
        <line num="41" type="stmt" count="3"/>
        <line num="42" type="stmt" count="3"/>
        <line num="43" type="stmt" count="3"/>
        <line num="44" type="stmt" count="3"/>
        <line num="45" type="stmt" count="3"/>
        <line num="47" type="stmt" count="2"/>
        <line num="48" type="stmt" count="2"/>
        <line num="49" type="stmt" count="2"/>
        <line num="51" type="stmt" count="2"/>
        <line num="52" type="stmt" count="1"/>
        <line num="53" type="stmt" count="1"/>
        <line num="55" type="stmt" count="2"/>
        <line num="56" type="stmt" count="2"/>
        <line num="57" type="stmt" count="2"/>
        <line num="58" type="stmt" count="2"/>
        <line num="59" type="stmt" count="2"/>
        <line num="60" type="stmt" count="2"/>
        <line num="61" type="stmt" count="2"/>
        <line num="62" type="stmt" count="2"/>
        <line num="64" type="stmt" count="2"/>
        <line num="66" type="stmt" count="2"/>
        <line num="69" type="method" name="show" visibility="public" complexity="1" crap="1" count="1"/>
        <line num="71" type="stmt" count="1"/>
        <line num="72" type="stmt" count="1"/>
        <line num="75" type="method" name="edit" visibility="public" complexity="1" crap="1" count="1"/>
        <line num="77" type="stmt" count="1"/>
        <line num="78" type="stmt" count="1"/>
        <line num="80" type="stmt" count="1"/>
        <line num="83" type="method" name="update" visibility="public" complexity="4" crap="4.08" count="1"/>
        <line num="85" type="stmt" count="1"/>
        <line num="86" type="stmt" count="1"/>
        <line num="87" type="stmt" count="1"/>
        <line num="88" type="stmt" count="1"/>
        <line num="89" type="stmt" count="1"/>
        <line num="90" type="stmt" count="1"/>
        <line num="91" type="stmt" count="1"/>
        <line num="92" type="stmt" count="1"/>
        <line num="94" type="stmt" count="1"/>
        <line num="95" type="stmt" count="1"/>
        <line num="96" type="stmt" count="1"/>
        <line num="97" type="stmt" count="1"/>
        <line num="98" type="stmt" count="1"/>
        <line num="100" type="stmt" count="1"/>
        <line num="101" type="stmt" count="0"/>
        <line num="102" type="stmt" count="0"/>
        <line num="104" type="stmt" count="0"/>
        <line num="105" type="stmt" count="0"/>
        <line num="108" type="stmt" count="1"/>
        <line num="109" type="stmt" count="1"/>
        <line num="110" type="stmt" count="1"/>
        <line num="112" type="stmt" count="1"/>
        <line num="114" type="stmt" count="1"/>
        <line num="117" type="method" name="destroy" visibility="public" complexity="1" crap="1" count="1"/>
        <line num="119" type="stmt" count="1"/>
        <line num="121" type="stmt" count="1"/>
        <line num="122" type="stmt" count="1"/>
        <line num="123" type="stmt" count="1"/>
        <metrics loc="125" ncloc="125" classes="1" methods="7" coveredmethods="6" conditionals="0" coveredconditionals="0" statements="66" coveredstatements="62" elements="73" coveredelements="68"/>
      </file>
      <file name="C:\Foxminded\Task-12\app\Http\Controllers\Admin\UserController.php">
        <class name="App\Http\Controllers\Admin\UserController" namespace="App\Http\Controllers\Admin">
          <metrics complexity="12" methods="7" coveredmethods="6" conditionals="0" coveredconditionals="0" statements="59" coveredstatements="57" elements="66" coveredelements="63"/>
        </class>
        <line num="14" type="method" name="index" visibility="public" complexity="1" crap="1" count="1"/>
        <line num="16" type="stmt" count="1"/>
        <line num="17" type="stmt" count="1"/>
        <line num="18" type="stmt" count="1"/>
        <line num="19" type="stmt" count="1"/>
        <line num="21" type="stmt" count="1"/>
        <line num="24" type="method" name="show" visibility="public" complexity="1" crap="1" count="1"/>
        <line num="26" type="stmt" count="1"/>
        <line num="27" type="stmt" count="1"/>
        <line num="30" type="method" name="create" visibility="public" complexity="1" crap="1" count="1"/>
        <line num="32" type="stmt" count="1"/>
        <line num="33" type="stmt" count="1"/>
        <line num="36" type="method" name="store" visibility="public" complexity="2" crap="2" count="2"/>
        <line num="38" type="stmt" count="2"/>
        <line num="39" type="stmt" count="2"/>
        <line num="40" type="stmt" count="2"/>
        <line num="41" type="stmt" count="2"/>
        <line num="42" type="stmt" count="2"/>
        <line num="43" type="stmt" count="2"/>
        <line num="44" type="stmt" count="2"/>
        <line num="46" type="stmt" count="1"/>
        <line num="47" type="stmt" count="1"/>
        <line num="48" type="stmt" count="1"/>
        <line num="49" type="stmt" count="1"/>
        <line num="50" type="stmt" count="1"/>
        <line num="52" type="stmt" count="1"/>
        <line num="53" type="stmt" count="1"/>
        <line num="56" type="stmt" count="1"/>
        <line num="57" type="stmt" count="1"/>
        <line num="58" type="stmt" count="1"/>
        <line num="61" type="method" name="edit" visibility="public" complexity="1" crap="1" count="1"/>
        <line num="63" type="stmt" count="1"/>
        <line num="64" type="stmt" count="1"/>
        <line num="67" type="method" name="update" visibility="public" complexity="3" crap="3.01" count="1"/>
        <line num="69" type="stmt" count="1"/>
        <line num="70" type="stmt" count="1"/>
        <line num="71" type="stmt" count="1"/>
        <line num="72" type="stmt" count="1"/>
        <line num="73" type="stmt" count="1"/>
        <line num="74" type="stmt" count="1"/>
        <line num="75" type="stmt" count="1"/>
        <line num="77" type="stmt" count="1"/>
        <line num="78" type="stmt" count="1"/>
        <line num="79" type="stmt" count="1"/>
        <line num="80" type="stmt" count="1"/>
        <line num="82" type="stmt" count="1"/>
        <line num="83" type="stmt" count="0"/>
        <line num="87" type="stmt" count="1"/>
        <line num="88" type="stmt" count="1"/>
        <line num="90" type="stmt" count="0"/>
        <line num="93" type="stmt" count="1"/>
        <line num="94" type="stmt" count="1"/>
        <line num="95" type="stmt" count="1"/>
        <line num="98" type="method" name="destroy" visibility="public" complexity="3" crap="3" count="3"/>
        <line num="101" type="stmt" count="3"/>
        <line num="102" type="stmt" count="1"/>
        <line num="103" type="stmt" count="1"/>
        <line num="104" type="stmt" count="1"/>
        <line num="108" type="stmt" count="2"/>
        <line num="109" type="stmt" count="1"/>
        <line num="110" type="stmt" count="1"/>
        <line num="111" type="stmt" count="1"/>
        <line num="114" type="stmt" count="1"/>
        <line num="116" type="stmt" count="1"/>
        <line num="117" type="stmt" count="1"/>
        <line num="118" type="stmt" count="1"/>
        <metrics loc="120" ncloc="117" classes="1" methods="7" coveredmethods="6" conditionals="0" coveredconditionals="0" statements="59" coveredstatements="57" elements="66" coveredelements="63"/>
      </file>
    </package>
    <package name="App\Http\Controllers\Api">
      <file name="C:\Foxminded\Task-12\app\Http\Controllers\Api\SwaggerController.php">
        <class name="App\Http\Controllers\Api\SwaggerController" namespace="App\Http\Controllers\Api">
          <metrics complexity="0" methods="0" coveredmethods="0" conditionals="0" coveredconditionals="0" statements="0" coveredstatements="0" elements="0" coveredelements="0"/>
        </class>
        <metrics loc="43" ncloc="9" classes="0" methods="0" coveredmethods="0" conditionals="0" coveredconditionals="0" statements="0" coveredstatements="0" elements="0" coveredelements="0"/>
      </file>
    </package>
    <package name="App\Http\Controllers\Api\V1">
      <file name="C:\Foxminded\Task-12\app\Http\Controllers\Api\V1\CategoryController.php">
        <class name="App\Http\Controllers\Api\V1\CategoryController" namespace="App\Http\Controllers\Api\V1">
          <metrics complexity="22" methods="6" coveredmethods="4" conditionals="0" coveredconditionals="0" statements="81" coveredstatements="77" elements="87" coveredelements="81"/>
        </class>
        <line num="23" type="method" name="__construct" visibility="public" complexity="1" crap="1" count="34"/>
        <line num="26" type="stmt" count="34"/>
        <line num="74" type="method" name="index" visibility="public" complexity="5" crap="5" count="8"/>
        <line num="77" type="stmt" count="8"/>
        <line num="78" type="stmt" count="8"/>
        <line num="81" type="stmt" count="7"/>
        <line num="82" type="stmt" count="1"/>
        <line num="83" type="stmt" count="1"/>
        <line num="86" type="stmt" count="7"/>
        <line num="87" type="stmt" count="7"/>
        <line num="90" type="stmt" count="7"/>
        <line num="91" type="stmt" count="1"/>
        <line num="92" type="stmt" count="1"/>
        <line num="93" type="stmt" count="1"/>
        <line num="96" type="stmt" count="1"/>
        <line num="97" type="stmt" count="1"/>
        <line num="98" type="stmt" count="1"/>
        <line num="99" type="stmt" count="1"/>
        <line num="100" type="stmt" count="1"/>
        <line num="101" type="stmt" count="1"/>
        <line num="102" type="stmt" count="1"/>
        <line num="103" type="stmt" count="1"/>
        <line num="104" type="stmt" count="1"/>
        <line num="105" type="stmt" count="1"/>
        <line num="106" type="stmt" count="1"/>
        <line num="109" type="stmt" count="6"/>
        <line num="110" type="stmt" count="1"/>
        <line num="111" type="stmt" count="1"/>
        <line num="149" type="method" name="store" visibility="public" complexity="4" crap="4" count="10"/>
        <line num="152" type="stmt" count="10"/>
        <line num="153" type="stmt" count="10"/>
        <line num="154" type="stmt" count="10"/>
        <line num="155" type="stmt" count="10"/>
        <line num="156" type="stmt" count="10"/>
        <line num="159" type="stmt" count="6"/>
        <line num="160" type="stmt" count="3"/>
        <line num="163" type="stmt" count="6"/>
        <line num="165" type="stmt" count="5"/>
        <line num="166" type="stmt" count="5"/>
        <line num="167" type="stmt" count="5"/>
        <line num="168" type="stmt" count="5"/>
        <line num="169" type="stmt" count="5"/>
        <line num="170" type="stmt" count="5"/>
        <line num="171" type="stmt" count="4"/>
        <line num="172" type="stmt" count="1"/>
        <line num="173" type="stmt" count="1"/>
        <line num="215" type="method" name="show" visibility="public" complexity="3" crap="3.14" count="4"/>
        <line num="218" type="stmt" count="4"/>
        <line num="221" type="stmt" count="4"/>
        <line num="222" type="stmt" count="1"/>
        <line num="223" type="stmt" count="1"/>
        <line num="224" type="stmt" count="1"/>
        <line num="227" type="stmt" count="4"/>
        <line num="228" type="stmt" count="0"/>
        <line num="229" type="stmt" count="0"/>
        <line num="278" type="method" name="update" visibility="public" complexity="5" crap="5.05" count="5"/>
        <line num="281" type="stmt" count="5"/>
        <line num="282" type="stmt" count="5"/>
        <line num="283" type="stmt" count="5"/>
        <line num="284" type="stmt" count="5"/>
        <line num="285" type="stmt" count="5"/>
        <line num="288" type="stmt" count="4"/>
        <line num="289" type="stmt" count="3"/>
        <line num="292" type="stmt" count="4"/>
        <line num="294" type="stmt" count="4"/>
        <line num="295" type="stmt" count="4"/>
        <line num="296" type="stmt" count="4"/>
        <line num="297" type="stmt" count="4"/>
        <line num="298" type="stmt" count="1"/>
        <line num="299" type="stmt" count="1"/>
        <line num="300" type="stmt" count="0"/>
        <line num="301" type="stmt" count="0"/>
        <line num="340" type="method" name="destroy" visibility="public" complexity="4" crap="4" count="6"/>
        <line num="343" type="stmt" count="6"/>
        <line num="344" type="stmt" count="6"/>
        <line num="346" type="stmt" count="6"/>
        <line num="347" type="stmt" count="2"/>
        <line num="348" type="stmt" count="2"/>
        <line num="349" type="stmt" count="2"/>
        <line num="350" type="stmt" count="2"/>
        <line num="351" type="stmt" count="2"/>
        <line num="354" type="stmt" count="4"/>
        <line num="356" type="stmt" count="3"/>
        <line num="357" type="stmt" count="1"/>
        <line num="360" type="stmt" count="2"/>
        <line num="361" type="stmt" count="1"/>
        <line num="362" type="stmt" count="1"/>
        <metrics loc="365" ncloc="156" classes="1" methods="6" coveredmethods="4" conditionals="0" coveredconditionals="0" statements="81" coveredstatements="77" elements="87" coveredelements="81"/>
      </file>
      <file name="C:\Foxminded\Task-12\app\Http\Controllers\Api\V1\CommentController.php">
        <class name="App\Http\Controllers\Api\V1\CommentController" namespace="App\Http\Controllers\Api\V1">
          <metrics complexity="10" methods="6" coveredmethods="6" conditionals="0" coveredconditionals="0" statements="45" coveredstatements="45" elements="51" coveredelements="51"/>
        </class>
        <line num="23" type="method" name="__construct" visibility="public" complexity="1" crap="1" count="34"/>
        <line num="26" type="stmt" count="34"/>
        <line num="77" type="method" name="index" visibility="public" complexity="2" crap="2" count="10"/>
        <line num="79" type="stmt" count="10"/>
        <line num="81" type="stmt" count="10"/>
        <line num="84" type="stmt" count="10"/>
        <line num="85" type="stmt" count="2"/>
        <line num="88" type="stmt" count="10"/>
        <line num="89" type="stmt" count="10"/>
        <line num="91" type="stmt" count="10"/>
        <line num="94" type="stmt" count="10"/>
        <line num="139" type="method" name="store" visibility="public" complexity="2" crap="2" count="10"/>
        <line num="142" type="stmt" count="10"/>
        <line num="143" type="stmt" count="10"/>
        <line num="144" type="stmt" count="10"/>
        <line num="145" type="stmt" count="10"/>
        <line num="146" type="stmt" count="10"/>
        <line num="147" type="stmt" count="10"/>
        <line num="149" type="stmt" count="5"/>
        <line num="150" type="stmt" count="5"/>
        <line num="152" type="stmt" count="5"/>
        <line num="154" type="stmt" count="5"/>
        <line num="156" type="stmt" count="5"/>
        <line num="157" type="stmt" count="5"/>
        <line num="158" type="stmt" count="5"/>
        <line num="159" type="stmt" count="5"/>
        <line num="160" type="stmt" count="5"/>
        <line num="200" type="method" name="show" visibility="public" complexity="1" crap="1" count="4"/>
        <line num="202" type="stmt" count="4"/>
        <line num="203" type="stmt" count="4"/>
        <line num="205" type="stmt" count="4"/>
        <line num="254" type="method" name="update" visibility="public" complexity="2" crap="2" count="7"/>
        <line num="257" type="stmt" count="7"/>
        <line num="258" type="stmt" count="7"/>
        <line num="259" type="stmt" count="7"/>
        <line num="260" type="stmt" count="7"/>
        <line num="261" type="stmt" count="7"/>
        <line num="263" type="stmt" count="5"/>
        <line num="264" type="stmt" count="5"/>
        <line num="266" type="stmt" count="5"/>
        <line num="268" type="stmt" count="5"/>
        <line num="270" type="stmt" count="2"/>
        <line num="271" type="stmt" count="2"/>
        <line num="272" type="stmt" count="2"/>
        <line num="273" type="stmt" count="2"/>
        <line num="274" type="stmt" count="2"/>
        <line num="312" type="method" name="destroy" visibility="public" complexity="2" crap="2" count="3"/>
        <line num="314" type="stmt" count="3"/>
        <line num="316" type="stmt" count="3"/>
        <line num="317" type="stmt" count="1"/>
        <line num="320" type="stmt" count="2"/>
        <metrics loc="322" ncloc="109" classes="1" methods="6" coveredmethods="6" conditionals="0" coveredconditionals="0" statements="45" coveredstatements="45" elements="51" coveredelements="51"/>
      </file>
      <file name="C:\Foxminded\Task-12\app\Http\Controllers\Api\V1\PostController.php">
        <class name="App\Http\Controllers\Api\V1\PostController" namespace="App\Http\Controllers\Api\V1">
          <metrics complexity="14" methods="6" coveredmethods="1" conditionals="0" coveredconditionals="0" statements="67" coveredstatements="49" elements="73" coveredelements="50"/>
        </class>
        <line num="26" type="method" name="__construct" visibility="public" complexity="1" crap="1" count="18"/>
        <line num="28" type="stmt" count="18"/>
        <line num="31" type="stmt" count="18"/>
        <line num="42" type="method" name="index" visibility="public" complexity="2" crap="3.69" count="3"/>
        <line num="45" type="stmt" count="3"/>
        <line num="46" type="stmt" count="3"/>
        <line num="47" type="stmt" count="0"/>
        <line num="49" type="stmt" count="0"/>
        <line num="50" type="stmt" count="0"/>
        <line num="51" type="stmt" count="0"/>
        <line num="52" type="stmt" count="0"/>
        <line num="53" type="stmt" count="0"/>
        <line num="81" type="method" name="store" visibility="public" complexity="3" crap="3.11" count="6"/>
        <line num="84" type="stmt" count="6"/>
        <line num="85" type="stmt" count="6"/>
        <line num="86" type="stmt" count="6"/>
        <line num="87" type="stmt" count="6"/>
        <line num="88" type="stmt" count="6"/>
        <line num="89" type="stmt" count="6"/>
        <line num="90" type="stmt" count="6"/>
        <line num="91" type="stmt" count="6"/>
        <line num="92" type="stmt" count="6"/>
        <line num="93" type="stmt" count="6"/>
        <line num="94" type="stmt" count="6"/>
        <line num="95" type="stmt" count="6"/>
        <line num="97" type="stmt" count="4"/>
        <line num="99" type="stmt" count="4"/>
        <line num="100" type="stmt" count="4"/>
        <line num="101" type="stmt" count="4"/>
        <line num="102" type="stmt" count="4"/>
        <line num="103" type="stmt" count="4"/>
        <line num="104" type="stmt" count="2"/>
        <line num="105" type="stmt" count="2"/>
        <line num="106" type="stmt" count="0"/>
        <line num="108" type="stmt" count="0"/>
        <line num="109" type="stmt" count="0"/>
        <line num="110" type="stmt" count="0"/>
        <line num="111" type="stmt" count="0"/>
        <line num="112" type="stmt" count="0"/>
        <line num="115" type="method" name="show" visibility="public" complexity="2" crap="2.50" count="3"/>
        <line num="118" type="stmt" count="3"/>
        <line num="119" type="stmt" count="3"/>
        <line num="120" type="stmt" count="0"/>
        <line num="121" type="stmt" count="0"/>
        <line num="149" type="method" name="update" visibility="public" complexity="3" crap="3.01" count="3"/>
        <line num="152" type="stmt" count="3"/>
        <line num="153" type="stmt" count="3"/>
        <line num="154" type="stmt" count="3"/>
        <line num="155" type="stmt" count="3"/>
        <line num="156" type="stmt" count="3"/>
        <line num="157" type="stmt" count="3"/>
        <line num="158" type="stmt" count="3"/>
        <line num="159" type="stmt" count="3"/>
        <line num="160" type="stmt" count="3"/>
        <line num="161" type="stmt" count="3"/>
        <line num="162" type="stmt" count="3"/>
        <line num="163" type="stmt" count="3"/>
        <line num="165" type="stmt" count="2"/>
        <line num="167" type="stmt" count="2"/>
        <line num="168" type="stmt" count="2"/>
        <line num="169" type="stmt" count="2"/>
        <line num="170" type="stmt" count="2"/>
        <line num="171" type="stmt" count="1"/>
        <line num="172" type="stmt" count="1"/>
        <line num="173" type="stmt" count="0"/>
        <line num="174" type="stmt" count="0"/>
        <line num="186" type="method" name="destroy" visibility="public" complexity="3" crap="3.33" count="2"/>
        <line num="189" type="stmt" count="2"/>
        <line num="191" type="stmt" count="2"/>
        <line num="192" type="stmt" count="1"/>
        <line num="195" type="stmt" count="1"/>
        <line num="196" type="stmt" count="0"/>
        <line num="197" type="stmt" count="0"/>
        <metrics loc="200" ncloc="127" classes="1" methods="6" coveredmethods="1" conditionals="0" coveredconditionals="0" statements="67" coveredstatements="49" elements="73" coveredelements="50"/>
      </file>
      <file name="C:\Foxminded\Task-12\app\Http\Controllers\Api\V1\TagController.php">
        <class name="App\Http\Controllers\Api\V1\TagController" namespace="App\Http\Controllers\Api\V1">
          <metrics complexity="15" methods="6" coveredmethods="6" conditionals="0" coveredconditionals="0" statements="60" coveredstatements="60" elements="66" coveredelements="66"/>
        </class>
        <line num="23" type="method" name="__construct" visibility="public" complexity="1" crap="1" count="38"/>
        <line num="26" type="stmt" count="38"/>
        <line num="84" type="method" name="index" visibility="public" complexity="3" crap="3" count="13"/>
        <line num="86" type="stmt" count="13"/>
        <line num="88" type="stmt" count="13"/>
        <line num="91" type="stmt" count="13"/>
        <line num="92" type="stmt" count="4"/>
        <line num="93" type="stmt" count="4"/>
        <line num="94" type="stmt" count="4"/>
        <line num="98" type="stmt" count="13"/>
        <line num="101" type="stmt" count="13"/>
        <line num="102" type="stmt" count="2"/>
        <line num="103" type="stmt" count="2"/>
        <line num="104" type="stmt" count="2"/>
        <line num="107" type="stmt" count="13"/>
        <line num="108" type="stmt" count="13"/>
        <line num="110" type="stmt" count="13"/>
        <line num="112" type="stmt" count="13"/>
        <line num="154" type="method" name="store" visibility="public" complexity="3" crap="3" count="9"/>
        <line num="157" type="stmt" count="9"/>
        <line num="158" type="stmt" count="9"/>
        <line num="159" type="stmt" count="9"/>
        <line num="160" type="stmt" count="9"/>
        <line num="163" type="stmt" count="5"/>
        <line num="164" type="stmt" count="3"/>
        <line num="167" type="stmt" count="5"/>
        <line num="170" type="stmt" count="5"/>
        <line num="171" type="stmt" count="5"/>
        <line num="173" type="stmt" count="5"/>
        <line num="175" type="stmt" count="5"/>
        <line num="177" type="stmt" count="5"/>
        <line num="179" type="stmt" count="4"/>
        <line num="180" type="stmt" count="4"/>
        <line num="181" type="stmt" count="4"/>
        <line num="182" type="stmt" count="4"/>
        <line num="183" type="stmt" count="4"/>
        <line num="230" type="method" name="show" visibility="public" complexity="2" crap="2" count="4"/>
        <line num="232" type="stmt" count="4"/>
        <line num="235" type="stmt" count="4"/>
        <line num="236" type="stmt" count="1"/>
        <line num="237" type="stmt" count="1"/>
        <line num="238" type="stmt" count="1"/>
        <line num="241" type="stmt" count="4"/>
        <line num="243" type="stmt" count="4"/>
        <line num="291" type="method" name="update" visibility="public" complexity="4" crap="4" count="9"/>
        <line num="294" type="stmt" count="9"/>
        <line num="295" type="stmt" count="9"/>
        <line num="296" type="stmt" count="9"/>
        <line num="297" type="stmt" count="9"/>
        <line num="300" type="stmt" count="7"/>
        <line num="301" type="stmt" count="3"/>
        <line num="304" type="stmt" count="7"/>
        <line num="305" type="stmt" count="7"/>
        <line num="307" type="stmt" count="7"/>
        <line num="309" type="stmt" count="7"/>
        <line num="311" type="stmt" count="2"/>
        <line num="312" type="stmt" count="2"/>
        <line num="313" type="stmt" count="2"/>
        <line num="314" type="stmt" count="2"/>
        <line num="315" type="stmt" count="2"/>
        <line num="353" type="method" name="destroy" visibility="public" complexity="2" crap="2" count="3"/>
        <line num="355" type="stmt" count="3"/>
        <line num="356" type="stmt" count="3"/>
        <line num="358" type="stmt" count="3"/>
        <line num="359" type="stmt" count="1"/>
        <line num="362" type="stmt" count="2"/>
        <metrics loc="364" ncloc="133" classes="1" methods="6" coveredmethods="6" conditionals="0" coveredconditionals="0" statements="60" coveredstatements="60" elements="66" coveredelements="66"/>
      </file>
    </package>
    <package name="App\Http\Controllers\Auth">
      <file name="C:\Foxminded\Task-12\app\Http\Controllers\Auth\AuthenticatedSessionController.php">
        <class name="App\Http\Controllers\Auth\AuthenticatedSessionController" namespace="App\Http\Controllers\Auth">
          <metrics complexity="7" methods="3" coveredmethods="2" conditionals="0" coveredconditionals="0" statements="16" coveredstatements="15" elements="19" coveredelements="17"/>
        </class>
        <line num="17" type="method" name="create" visibility="public" complexity="1" crap="1" count="4"/>
        <line num="19" type="stmt" count="4"/>
        <line num="25" type="method" name="store" visibility="public" complexity="4" crap="4.02" count="11"/>
        <line num="27" type="stmt" count="11"/>
        <line num="30" type="stmt" count="9"/>
        <line num="31" type="stmt" count="9"/>
        <line num="34" type="stmt" count="9"/>
        <line num="35" type="stmt" count="9"/>
        <line num="36" type="stmt" count="9"/>
        <line num="37" type="stmt" count="0"/>
        <line num="39" type="stmt" count="9"/>
        <line num="40" type="stmt" count="2"/>
        <line num="43" type="stmt" count="8"/>
        <line num="49" type="method" name="destroy" visibility="public" complexity="2" crap="2" count="8"/>
        <line num="51" type="stmt" count="8"/>
        <line num="53" type="stmt" count="8"/>
        <line num="54" type="stmt" count="7"/>
        <line num="55" type="stmt" count="7"/>
        <line num="58" type="stmt" count="8"/>
        <metrics loc="60" ncloc="50" classes="1" methods="3" coveredmethods="2" conditionals="0" coveredconditionals="0" statements="16" coveredstatements="15" elements="19" coveredelements="17"/>
      </file>
      <file name="C:\Foxminded\Task-12\app\Http\Controllers\Auth\ConfirmablePasswordController.php">
        <class name="App\Http\Controllers\Auth\ConfirmablePasswordController" namespace="App\Http\Controllers\Auth">
          <metrics complexity="3" methods="2" coveredmethods="2" conditionals="0" coveredconditionals="0" statements="10" coveredstatements="10" elements="12" coveredelements="12"/>
        </class>
        <line num="17" type="method" name="show" visibility="public" complexity="1" crap="1" count="1"/>
        <line num="19" type="stmt" count="1"/>
        <line num="25" type="method" name="store" visibility="public" complexity="2" crap="2" count="2"/>
        <line num="27" type="stmt" count="2"/>
        <line num="28" type="stmt" count="2"/>
        <line num="29" type="stmt" count="2"/>
        <line num="30" type="stmt" count="2"/>
        <line num="31" type="stmt" count="1"/>
        <line num="32" type="stmt" count="1"/>
        <line num="33" type="stmt" count="1"/>
        <line num="36" type="stmt" count="1"/>
        <line num="38" type="stmt" count="1"/>
        <metrics loc="41" ncloc="35" classes="1" methods="2" coveredmethods="2" conditionals="0" coveredconditionals="0" statements="10" coveredstatements="10" elements="12" coveredelements="12"/>
      </file>
      <file name="C:\Foxminded\Task-12\app\Http\Controllers\Auth\EmailVerificationNotificationController.php">
        <class name="App\Http\Controllers\Auth\EmailVerificationNotificationController" namespace="App\Http\Controllers\Auth">
          <metrics complexity="2" methods="1" coveredmethods="1" conditionals="0" coveredconditionals="0" statements="4" coveredstatements="4" elements="5" coveredelements="5"/>
        </class>
        <line num="14" type="method" name="store" visibility="public" complexity="2" crap="2" count="10"/>
        <line num="16" type="stmt" count="10"/>
        <line num="17" type="stmt" count="5"/>
        <line num="20" type="stmt" count="7"/>
        <line num="22" type="stmt" count="7"/>
        <metrics loc="25" ncloc="22" classes="1" methods="1" coveredmethods="1" conditionals="0" coveredconditionals="0" statements="4" coveredstatements="4" elements="5" coveredelements="5"/>
      </file>
      <file name="C:\Foxminded\Task-12\app\Http\Controllers\Auth\EmailVerificationPromptController.php">
        <class name="App\Http\Controllers\Auth\EmailVerificationPromptController" namespace="App\Http\Controllers\Auth">
          <metrics complexity="2" methods="1" coveredmethods="0" conditionals="0" coveredconditionals="0" statements="3" coveredstatements="2" elements="4" coveredelements="2"/>
        </class>
        <line num="15" type="method" name="__invoke" visibility="public" complexity="2" crap="2.15" count="1"/>
        <line num="17" type="stmt" count="1"/>
        <line num="18" type="stmt" count="0"/>
        <line num="19" type="stmt" count="1"/>
        <metrics loc="22" ncloc="19" classes="1" methods="1" coveredmethods="0" conditionals="0" coveredconditionals="0" statements="3" coveredstatements="2" elements="4" coveredelements="2"/>
      </file>
      <file name="C:\Foxminded\Task-12\app\Http\Controllers\Auth\NewPasswordController.php">
        <class name="App\Http\Controllers\Auth\NewPasswordController" namespace="App\Http\Controllers\Auth">
          <metrics complexity="3" methods="2" coveredmethods="2" conditionals="0" coveredconditionals="0" statements="20" coveredstatements="20" elements="22" coveredelements="22"/>
        </class>
        <line num="21" type="method" name="create" visibility="public" complexity="1" crap="1" count="1"/>
        <line num="23" type="stmt" count="1"/>
        <line num="31" type="method" name="store" visibility="public" complexity="2" crap="2" count="1"/>
        <line num="33" type="stmt" count="1"/>
        <line num="34" type="stmt" count="1"/>
        <line num="35" type="stmt" count="1"/>
        <line num="36" type="stmt" count="1"/>
        <line num="37" type="stmt" count="1"/>
        <line num="42" type="stmt" count="1"/>
        <line num="43" type="stmt" count="1"/>
        <line num="44" type="stmt" count="1"/>
        <line num="45" type="stmt" count="1"/>
        <line num="46" type="stmt" count="1"/>
        <line num="47" type="stmt" count="1"/>
        <line num="48" type="stmt" count="1"/>
        <line num="50" type="stmt" count="1"/>
        <line num="51" type="stmt" count="1"/>
        <line num="52" type="stmt" count="1"/>
        <line num="57" type="stmt" count="1"/>
        <line num="58" type="stmt" count="1"/>
        <line num="59" type="stmt" count="1"/>
        <line num="60" type="stmt" count="1"/>
        <metrics loc="63" ncloc="49" classes="1" methods="2" coveredmethods="2" conditionals="0" coveredconditionals="0" statements="20" coveredstatements="20" elements="22" coveredelements="22"/>
      </file>
      <file name="C:\Foxminded\Task-12\app\Http\Controllers\Auth\PasswordController.php">
        <class name="App\Http\Controllers\Auth\PasswordController" namespace="App\Http\Controllers\Auth">
          <metrics complexity="1" methods="1" coveredmethods="1" conditionals="0" coveredconditionals="0" statements="8" coveredstatements="8" elements="9" coveredelements="9"/>
        </class>
        <line num="16" type="method" name="update" visibility="public" complexity="1" crap="1" count="2"/>
        <line num="18" type="stmt" count="2"/>
        <line num="19" type="stmt" count="2"/>
        <line num="20" type="stmt" count="2"/>
        <line num="21" type="stmt" count="2"/>
        <line num="23" type="stmt" count="1"/>
        <line num="24" type="stmt" count="1"/>
        <line num="25" type="stmt" count="1"/>
        <line num="27" type="stmt" count="1"/>
        <metrics loc="30" ncloc="27" classes="1" methods="1" coveredmethods="1" conditionals="0" coveredconditionals="0" statements="8" coveredstatements="8" elements="9" coveredelements="9"/>
      </file>
      <file name="C:\Foxminded\Task-12\app\Http\Controllers\Auth\PasswordResetLinkController.php">
        <class name="App\Http\Controllers\Auth\PasswordResetLinkController" namespace="App\Http\Controllers\Auth">
          <metrics complexity="3" methods="2" coveredmethods="2" conditionals="0" coveredconditionals="0" statements="11" coveredstatements="11" elements="13" coveredelements="13"/>
        </class>
        <line num="16" type="method" name="create" visibility="public" complexity="1" crap="1" count="1"/>
        <line num="18" type="stmt" count="1"/>
        <line num="26" type="method" name="store" visibility="public" complexity="2" crap="2" count="3"/>
        <line num="28" type="stmt" count="3"/>
        <line num="29" type="stmt" count="3"/>
        <line num="30" type="stmt" count="3"/>
        <line num="35" type="stmt" count="3"/>
        <line num="36" type="stmt" count="3"/>
        <line num="37" type="stmt" count="3"/>
        <line num="39" type="stmt" count="3"/>
        <line num="40" type="stmt" count="3"/>
        <line num="41" type="stmt" count="3"/>
        <line num="42" type="stmt" count="3"/>
        <metrics loc="45" ncloc="34" classes="1" methods="2" coveredmethods="2" conditionals="0" coveredconditionals="0" statements="11" coveredstatements="11" elements="13" coveredelements="13"/>
      </file>
      <file name="C:\Foxminded\Task-12\app\Http\Controllers\Auth\RegisteredUserController.php">
        <class name="App\Http\Controllers\Auth\RegisteredUserController" namespace="App\Http\Controllers\Auth">
          <metrics complexity="2" methods="2" coveredmethods="2" conditionals="0" coveredconditionals="0" statements="14" coveredstatements="14" elements="16" coveredelements="16"/>
        </class>
        <line num="20" type="method" name="create" visibility="public" complexity="1" crap="1" count="1"/>
        <line num="22" type="stmt" count="1"/>
        <line num="30" type="method" name="store" visibility="public" complexity="1" crap="1" count="2"/>
        <line num="32" type="stmt" count="2"/>
        <line num="33" type="stmt" count="2"/>
        <line num="34" type="stmt" count="2"/>
        <line num="35" type="stmt" count="2"/>
        <line num="36" type="stmt" count="2"/>
        <line num="38" type="stmt" count="2"/>
        <line num="39" type="stmt" count="2"/>
        <line num="40" type="stmt" count="2"/>
        <line num="41" type="stmt" count="2"/>
        <line num="42" type="stmt" count="2"/>
        <line num="44" type="stmt" count="2"/>
        <line num="46" type="stmt" count="2"/>
        <line num="48" type="stmt" count="2"/>
        <metrics loc="51" ncloc="43" classes="1" methods="2" coveredmethods="2" conditionals="0" coveredconditionals="0" statements="14" coveredstatements="14" elements="16" coveredelements="16"/>
      </file>
      <file name="C:\Foxminded\Task-12\app\Http\Controllers\Auth\VerifyEmailController.php">
        <class name="App\Http\Controllers\Auth\VerifyEmailController" namespace="App\Http\Controllers\Auth">
          <metrics complexity="3" methods="1" coveredmethods="0" conditionals="0" coveredconditionals="0" statements="5" coveredstatements="4" elements="6" coveredelements="4"/>
        </class>
        <line num="15" type="method" name="__invoke" visibility="public" complexity="3" crap="3.07" count="1"/>
        <line num="17" type="stmt" count="1"/>
        <line num="18" type="stmt" count="0"/>
        <line num="21" type="stmt" count="1"/>
        <line num="22" type="stmt" count="1"/>
        <line num="25" type="stmt" count="1"/>
        <metrics loc="28" ncloc="25" classes="1" methods="1" coveredmethods="0" conditionals="0" coveredconditionals="0" statements="5" coveredstatements="4" elements="6" coveredelements="4"/>
      </file>
    </package>
    <package name="App\Http\Controllers">
      <file name="C:\Foxminded\Task-12\app\Http\Controllers\CommentController.php">
        <class name="App\Http\Controllers\CommentController" namespace="App\Http\Controllers">
          <metrics complexity="7" methods="7" coveredmethods="7" conditionals="0" coveredconditionals="0" statements="32" coveredstatements="32" elements="39" coveredelements="39"/>
        </class>
        <line num="13" type="method" name="index" visibility="public" complexity="1" crap="1" count="1"/>
        <line num="15" type="stmt" count="1"/>
        <line num="16" type="stmt" count="1"/>
        <line num="19" type="method" name="create" visibility="public" complexity="1" crap="1" count="1"/>
        <line num="21" type="stmt" count="1"/>
        <line num="22" type="stmt" count="1"/>
        <line num="25" type="method" name="store" visibility="public" complexity="1" crap="1" count="3"/>
        <line num="27" type="stmt" count="3"/>
        <line num="28" type="stmt" count="3"/>
        <line num="29" type="stmt" count="3"/>
        <line num="30" type="stmt" count="3"/>
        <line num="31" type="stmt" count="3"/>
        <line num="33" type="stmt" count="1"/>
        <line num="34" type="stmt" count="1"/>
        <line num="35" type="stmt" count="1"/>
        <line num="36" type="stmt" count="1"/>
        <line num="37" type="stmt" count="1"/>
        <line num="39" type="stmt" count="1"/>
        <line num="42" type="method" name="show" visibility="public" complexity="1" crap="1" count="1"/>
        <line num="44" type="stmt" count="1"/>
        <line num="45" type="stmt" count="1"/>
        <line num="48" type="method" name="edit" visibility="public" complexity="1" crap="1" count="1"/>
        <line num="50" type="stmt" count="1"/>
        <line num="51" type="stmt" count="1"/>
        <line num="54" type="method" name="update" visibility="public" complexity="1" crap="1" count="2"/>
        <line num="56" type="stmt" count="2"/>
        <line num="57" type="stmt" count="2"/>
        <line num="58" type="stmt" count="2"/>
        <line num="59" type="stmt" count="2"/>
        <line num="60" type="stmt" count="2"/>
        <line num="62" type="stmt" count="1"/>
        <line num="63" type="stmt" count="1"/>
        <line num="64" type="stmt" count="1"/>
        <line num="65" type="stmt" count="1"/>
        <line num="66" type="stmt" count="1"/>
        <line num="68" type="stmt" count="1"/>
        <line num="71" type="method" name="destroy" visibility="public" complexity="1" crap="1" count="1"/>
        <line num="73" type="stmt" count="1"/>
        <line num="74" type="stmt" count="1"/>
        <metrics loc="76" ncloc="76" classes="1" methods="7" coveredmethods="7" conditionals="0" coveredconditionals="0" statements="32" coveredstatements="32" elements="39" coveredelements="39"/>
      </file>
      <file name="C:\Foxminded\Task-12\app\Http\Controllers\Controller.php">
        <class name="App\Http\Controllers\Controller" namespace="App\Http\Controllers">
          <metrics complexity="0" methods="0" coveredmethods="0" conditionals="0" coveredconditionals="0" statements="0" coveredstatements="0" elements="0" coveredelements="0"/>
        </class>
        <metrics loc="12" ncloc="12" classes="0" methods="0" coveredmethods="0" conditionals="0" coveredconditionals="0" statements="0" coveredstatements="0" elements="0" coveredelements="0"/>
      </file>
      <file name="C:\Foxminded\Task-12\app\Http\Controllers\PostController.php">
        <class name="App\Http\Controllers\PostController" namespace="App\Http\Controllers">
          <metrics complexity="21" methods="10" coveredmethods="7" conditionals="0" coveredconditionals="0" statements="72" coveredstatements="69" elements="82" coveredelements="76"/>
        </class>
        <line num="28" type="method" name="__construct" visibility="public" complexity="1" crap="1" count="24"/>
        <line num="33" type="stmt" count="24"/>
        <line num="34" type="stmt" count="24"/>
        <line num="35" type="stmt" count="24"/>
        <line num="38" type="stmt" count="24"/>
        <line num="48" type="method" name="index" visibility="public" complexity="1" crap="1" count="3"/>
        <line num="50" type="stmt" count="3"/>
        <line num="51" type="stmt" count="3"/>
        <line num="52" type="stmt" count="3"/>
        <line num="55" type="stmt" count="3"/>
        <line num="56" type="stmt" count="3"/>
        <line num="58" type="stmt" count="3"/>
        <line num="59" type="stmt" count="3"/>
        <line num="61" type="stmt" count="3"/>
        <line num="67" type="method" name="show" visibility="public" complexity="1" crap="1" count="2"/>
        <line num="69" type="stmt" count="2"/>
        <line num="75" type="method" name="create" visibility="public" complexity="1" crap="1" count="1"/>
        <line num="77" type="stmt" count="1"/>
        <line num="78" type="stmt" count="1"/>
        <line num="79" type="stmt" count="1"/>
        <line num="80" type="stmt" count="1"/>
        <line num="86" type="method" name="store" visibility="public" complexity="3" crap="3.00" count="4"/>
        <line num="88" type="stmt" count="4"/>
        <line num="89" type="stmt" count="4"/>
        <line num="90" type="stmt" count="4"/>
        <line num="91" type="stmt" count="4"/>
        <line num="92" type="stmt" count="4"/>
        <line num="93" type="stmt" count="4"/>
        <line num="94" type="stmt" count="4"/>
        <line num="95" type="stmt" count="4"/>
        <line num="96" type="stmt" count="4"/>
        <line num="97" type="stmt" count="4"/>
        <line num="98" type="stmt" count="4"/>
        <line num="100" type="stmt" count="2"/>
        <line num="101" type="stmt" count="0"/>
        <line num="105" type="stmt" count="2"/>
        <line num="106" type="stmt" count="2"/>
        <line num="109" type="stmt" count="2"/>
        <line num="111" type="stmt" count="2"/>
        <line num="117" type="method" name="edit" visibility="public" complexity="2" crap="2" count="4"/>
        <line num="120" type="stmt" count="4"/>
        <line num="121" type="stmt" count="1"/>
        <line num="124" type="stmt" count="3"/>
        <line num="125" type="stmt" count="3"/>
        <line num="126" type="stmt" count="3"/>
        <line num="127" type="stmt" count="3"/>
        <line num="133" type="method" name="update" visibility="public" complexity="4" crap="4" count="5"/>
        <line num="136" type="stmt" count="5"/>
        <line num="137" type="stmt" count="1"/>
        <line num="140" type="stmt" count="4"/>
        <line num="141" type="stmt" count="4"/>
        <line num="142" type="stmt" count="4"/>
        <line num="143" type="stmt" count="4"/>
        <line num="144" type="stmt" count="4"/>
        <line num="145" type="stmt" count="4"/>
        <line num="146" type="stmt" count="4"/>
        <line num="147" type="stmt" count="4"/>
        <line num="148" type="stmt" count="4"/>
        <line num="149" type="stmt" count="4"/>
        <line num="150" type="stmt" count="4"/>
        <line num="152" type="stmt" count="3"/>
        <line num="154" type="stmt" count="1"/>
        <line num="155" type="stmt" count="1"/>
        <line num="157" type="stmt" count="1"/>
        <line num="160" type="stmt" count="3"/>
        <line num="162" type="stmt" count="3"/>
        <line num="168" type="method" name="destroy" visibility="public" complexity="3" crap="3" count="4"/>
        <line num="171" type="stmt" count="4"/>
        <line num="172" type="stmt" count="1"/>
        <line num="176" type="stmt" count="3"/>
        <line num="177" type="stmt" count="1"/>
        <line num="180" type="stmt" count="3"/>
        <line num="182" type="stmt" count="3"/>
        <line num="188" type="method" name="canManagePost" visibility="private" complexity="3" crap="3.04" count="11"/>
        <line num="190" type="stmt" count="11"/>
        <line num="192" type="stmt" count="11"/>
        <line num="193" type="stmt" count="0"/>
        <line num="197" type="stmt" count="11"/>
        <line num="198" type="stmt" count="2"/>
        <line num="202" type="stmt" count="9"/>
        <line num="208" type="method" name="isAdmin" visibility="private" complexity="2" crap="6" count="0"/>
        <line num="210" type="stmt" count="0"/>
        <metrics loc="212" ncloc="168" classes="1" methods="10" coveredmethods="7" conditionals="0" coveredconditionals="0" statements="72" coveredstatements="69" elements="82" coveredelements="76"/>
      </file>
      <file name="C:\Foxminded\Task-12\app\Http\Controllers\ProfileController.php">
        <class name="App\Http\Controllers\ProfileController" namespace="App\Http\Controllers">
          <metrics complexity="4" methods="3" coveredmethods="3" conditionals="0" coveredconditionals="0" statements="17" coveredstatements="17" elements="20" coveredelements="20"/>
        </class>
        <line num="17" type="method" name="edit" visibility="public" complexity="1" crap="1" count="1"/>
        <line num="19" type="stmt" count="1"/>
        <line num="20" type="stmt" count="1"/>
        <line num="21" type="stmt" count="1"/>
        <line num="27" type="method" name="update" visibility="public" complexity="2" crap="2" count="2"/>
        <line num="29" type="stmt" count="2"/>
        <line num="31" type="stmt" count="2"/>
        <line num="32" type="stmt" count="1"/>
        <line num="35" type="stmt" count="2"/>
        <line num="37" type="stmt" count="2"/>
        <line num="43" type="method" name="destroy" visibility="public" complexity="1" crap="1" count="2"/>
        <line num="45" type="stmt" count="2"/>
        <line num="46" type="stmt" count="2"/>
        <line num="47" type="stmt" count="2"/>
        <line num="49" type="stmt" count="1"/>
        <line num="51" type="stmt" count="1"/>
        <line num="53" type="stmt" count="1"/>
        <line num="55" type="stmt" count="1"/>
        <line num="56" type="stmt" count="1"/>
        <line num="58" type="stmt" count="1"/>
        <metrics loc="61" ncloc="52" classes="1" methods="3" coveredmethods="3" conditionals="0" coveredconditionals="0" statements="17" coveredstatements="17" elements="20" coveredelements="20"/>
      </file>
      <file name="C:\Foxminded\Task-12\app\Http\Controllers\PublicController.php">
        <class name="App\Http\Controllers\PublicController" namespace="App\Http\Controllers">
          <metrics complexity="9" methods="5" coveredmethods="5" conditionals="0" coveredconditionals="0" statements="66" coveredstatements="66" elements="71" coveredelements="71"/>
        </class>
        <line num="13" type="method" name="index" visibility="public" complexity="1" crap="1" count="4"/>
        <line num="15" type="stmt" count="4"/>
        <line num="16" type="stmt" count="4"/>
        <line num="17" type="stmt" count="4"/>
        <line num="18" type="stmt" count="4"/>
        <line num="19" type="stmt" count="4"/>
        <line num="20" type="stmt" count="4"/>
        <line num="22" type="stmt" count="4"/>
        <line num="23" type="stmt" count="4"/>
        <line num="24" type="stmt" count="4"/>
        <line num="28" type="method" name="search" visibility="public" complexity="5" crap="5" count="6"/>
        <line num="30" type="stmt" count="6"/>
        <line num="31" type="stmt" count="6"/>
        <line num="32" type="stmt" count="6"/>
        <line num="34" type="stmt" count="6"/>
        <line num="35" type="stmt" count="6"/>
        <line num="36" type="stmt" count="6"/>
        <line num="37" type="stmt" count="6"/>
        <line num="39" type="stmt" count="6"/>
        <line num="40" type="stmt" count="1"/>
        <line num="41" type="stmt" count="1"/>
        <line num="42" type="stmt" count="1"/>
        <line num="46" type="stmt" count="6"/>
        <line num="47" type="stmt" count="1"/>
        <line num="48" type="stmt" count="1"/>
        <line num="49" type="stmt" count="1"/>
        <line num="50" type="stmt" count="1"/>
        <line num="51" type="stmt" count="1"/>
        <line num="55" type="stmt" count="6"/>
        <line num="57" type="stmt" count="6"/>
        <line num="58" type="stmt" count="6"/>
        <line num="59" type="stmt" count="6"/>
        <line num="60" type="stmt" count="6"/>
        <line num="64" type="method" name="byCategory" visibility="public" complexity="1" crap="1" count="3"/>
        <line num="66" type="stmt" count="3"/>
        <line num="68" type="stmt" count="2"/>
        <line num="69" type="stmt" count="2"/>
        <line num="70" type="stmt" count="2"/>
        <line num="71" type="stmt" count="2"/>
        <line num="72" type="stmt" count="2"/>
        <line num="73" type="stmt" count="2"/>
        <line num="75" type="stmt" count="2"/>
        <line num="76" type="stmt" count="2"/>
        <line num="77" type="stmt" count="2"/>
        <line num="78" type="stmt" count="2"/>
        <line num="82" type="method" name="byTag" visibility="public" complexity="1" crap="1" count="3"/>
        <line num="84" type="stmt" count="3"/>
        <line num="86" type="stmt" count="2"/>
        <line num="87" type="stmt" count="2"/>
        <line num="88" type="stmt" count="2"/>
        <line num="89" type="stmt" count="2"/>
        <line num="90" type="stmt" count="2"/>
        <line num="91" type="stmt" count="2"/>
        <line num="92" type="stmt" count="2"/>
        <line num="93" type="stmt" count="2"/>
        <line num="95" type="stmt" count="2"/>
        <line num="96" type="stmt" count="2"/>
        <line num="97" type="stmt" count="2"/>
        <line num="98" type="stmt" count="2"/>
        <line num="102" type="method" name="show" visibility="public" complexity="1" crap="1" count="4"/>
        <line num="105" type="stmt" count="4"/>
        <line num="106" type="stmt" count="4"/>
        <line num="107" type="stmt" count="4"/>
        <line num="108" type="stmt" count="4"/>
        <line num="109" type="stmt" count="4"/>
        <line num="110" type="stmt" count="4"/>
        <line num="111" type="stmt" count="4"/>
        <line num="112" type="stmt" count="4"/>
        <line num="114" type="stmt" count="2"/>
        <line num="115" type="stmt" count="2"/>
        <line num="116" type="stmt" count="2"/>
        <metrics loc="118" ncloc="112" classes="1" methods="5" coveredmethods="5" conditionals="0" coveredconditionals="0" statements="66" coveredstatements="66" elements="71" coveredelements="71"/>
      </file>
      <file name="C:\Foxminded\Task-12\app\Http\Controllers\TagController.php">
        <class name="App\Http\Controllers\TagController" namespace="App\Http\Controllers">
          <metrics complexity="9" methods="8" coveredmethods="7" conditionals="0" coveredconditionals="0" statements="58" coveredstatements="47" elements="66" coveredelements="54"/>
        </class>
        <line num="15" type="method" name="index" visibility="public" complexity="1" crap="1" count="3"/>
        <line num="17" type="stmt" count="3"/>
        <line num="19" type="stmt" count="3"/>
        <line num="20" type="stmt" count="3"/>
        <line num="21" type="stmt" count="3"/>
        <line num="22" type="stmt" count="1"/>
        <line num="23" type="stmt" count="3"/>
        <line num="24" type="stmt" count="3"/>
        <line num="25" type="stmt" count="3"/>
        <line num="26" type="stmt" count="3"/>
        <line num="28" type="stmt" count="3"/>
        <line num="34" type="method" name="create" visibility="public" complexity="1" crap="1" count="2"/>
        <line num="36" type="stmt" count="2"/>
        <line num="42" type="method" name="store" visibility="public" complexity="2" crap="2" count="4"/>
        <line num="46" type="stmt" count="4"/>
        <line num="47" type="stmt" count="4"/>
        <line num="48" type="stmt" count="4"/>
        <line num="50" type="stmt" count="2"/>
        <line num="52" type="stmt" count="2"/>
        <line num="53" type="stmt" count="2"/>
        <line num="54" type="stmt" count="2"/>
        <line num="55" type="stmt" count="2"/>
        <line num="56" type="stmt" count="2"/>
        <line num="57" type="stmt" count="2"/>
        <line num="58" type="stmt" count="2"/>
        <line num="59" type="stmt" count="2"/>
        <line num="60" type="stmt" count="2"/>
        <line num="61" type="stmt" count="2"/>
        <line num="62" type="stmt" count="2"/>
        <line num="63" type="stmt" count="2"/>
        <line num="64" type="stmt" count="2"/>
        <line num="65" type="stmt" count="2"/>
        <line num="73" type="method" name="show" visibility="public" complexity="1" crap="1" count="3"/>
        <line num="75" type="stmt" count="3"/>
        <line num="78" type="stmt" count="3"/>
        <line num="79" type="stmt" count="3"/>
        <line num="80" type="stmt" count="3"/>
        <line num="81" type="stmt" count="3"/>
        <line num="83" type="stmt" count="3"/>
        <line num="91" type="method" name="edit" visibility="public" complexity="1" crap="1" count="2"/>
        <line num="93" type="stmt" count="2"/>
        <line num="99" type="method" name="update" visibility="public" complexity="1" crap="1" count="2"/>
        <line num="101" type="stmt" count="2"/>
        <line num="102" type="stmt" count="2"/>
        <line num="103" type="stmt" count="2"/>
        <line num="105" type="stmt" count="1"/>
        <line num="106" type="stmt" count="1"/>
        <line num="107" type="stmt" count="1"/>
        <line num="109" type="stmt" count="1"/>
        <line num="110" type="stmt" count="1"/>
        <line num="116" type="method" name="destroy" visibility="public" complexity="1" crap="1" count="1"/>
        <line num="118" type="stmt" count="1"/>
        <line num="119" type="stmt" count="1"/>
        <line num="120" type="stmt" count="1"/>
        <line num="126" type="method" name="storeAjax" visibility="public" complexity="1" crap="2" count="0"/>
        <line num="128" type="stmt" count="0"/>
        <line num="129" type="stmt" count="0"/>
        <line num="130" type="stmt" count="0"/>
        <line num="132" type="stmt" count="0"/>
        <line num="134" type="stmt" count="0"/>
        <line num="135" type="stmt" count="0"/>
        <line num="136" type="stmt" count="0"/>
        <line num="137" type="stmt" count="0"/>
        <line num="138" type="stmt" count="0"/>
        <line num="139" type="stmt" count="0"/>
        <line num="140" type="stmt" count="0"/>
        <metrics loc="142" ncloc="114" classes="1" methods="8" coveredmethods="7" conditionals="0" coveredconditionals="0" statements="58" coveredstatements="47" elements="66" coveredelements="54"/>
      </file>
    </package>
    <package name="App\Http\Middleware">
      <file name="C:\Foxminded\Task-12\app\Http\Middleware\AdminMiddleware.php">
        <class name="App\Http\Middleware\AdminMiddleware" namespace="App\Http\Middleware">
          <metrics complexity="3" methods="1" coveredmethods="1" conditionals="0" coveredconditionals="0" statements="6" coveredstatements="6" elements="7" coveredelements="7"/>
        </class>
        <line num="12" type="method" name="handle" visibility="public" complexity="3" crap="3" count="58"/>
        <line num="14" type="stmt" count="58"/>
        <line num="15" type="stmt" count="1"/>
        <line num="18" type="stmt" count="57"/>
        <line num="20" type="stmt" count="57"/>
        <line num="21" type="stmt" count="13"/>
        <line num="24" type="stmt" count="46"/>
        <metrics loc="26" ncloc="26" classes="1" methods="1" coveredmethods="1" conditionals="0" coveredconditionals="0" statements="6" coveredstatements="6" elements="7" coveredelements="7"/>
      </file>
    </package>
    <package name="App\Http\Requests\Auth">
      <file name="C:\Foxminded\Task-12\app\Http\Requests\Auth\LoginRequest.php">
        <class name="App\Http\Requests\Auth\LoginRequest" namespace="App\Http\Requests\Auth">
          <metrics complexity="7" methods="5" coveredmethods="5" conditionals="0" coveredconditionals="0" statements="23" coveredstatements="23" elements="28" coveredelements="28"/>
        </class>
        <line num="17" type="method" name="authorize" visibility="public" complexity="1" crap="1" count="13"/>
        <line num="19" type="stmt" count="13"/>
        <line num="27" type="method" name="rules" visibility="public" complexity="1" crap="1" count="14"/>
        <line num="29" type="stmt" count="14"/>
        <line num="30" type="stmt" count="14"/>
        <line num="31" type="stmt" count="14"/>
        <line num="32" type="stmt" count="14"/>
        <line num="40" type="method" name="authenticate" visibility="public" complexity="2" crap="2" count="18"/>
        <line num="42" type="stmt" count="18"/>
        <line num="44" type="stmt" count="18"/>
        <line num="45" type="stmt" count="6"/>
        <line num="47" type="stmt" count="6"/>
        <line num="48" type="stmt" count="6"/>
        <line num="49" type="stmt" count="6"/>
        <line num="52" type="stmt" count="12"/>
        <line num="60" type="method" name="ensureIsNotRateLimited" visibility="public" complexity="2" crap="2" count="22"/>
        <line num="62" type="stmt" count="22"/>
        <line num="63" type="stmt" count="19"/>
        <line num="66" type="stmt" count="3"/>
        <line num="68" type="stmt" count="3"/>
        <line num="70" type="stmt" count="3"/>
        <line num="71" type="stmt" count="3"/>
        <line num="72" type="stmt" count="3"/>
        <line num="73" type="stmt" count="3"/>
        <line num="74" type="stmt" count="3"/>
        <line num="75" type="stmt" count="3"/>
        <line num="81" type="method" name="throttleKey" visibility="public" complexity="1" crap="1" count="24"/>
        <line num="83" type="stmt" count="24"/>
        <metrics loc="86" ncloc="65" classes="1" methods="5" coveredmethods="5" conditionals="0" coveredconditionals="0" statements="23" coveredstatements="23" elements="28" coveredelements="28"/>
      </file>
    </package>
    <package name="App\Http\Requests">
      <file name="C:\Foxminded\Task-12\app\Http\Requests\ProfileUpdateRequest.php">
        <class name="App\Http\Requests\ProfileUpdateRequest" namespace="App\Http\Requests">
          <metrics complexity="1" methods="1" coveredmethods="1" conditionals="0" coveredconditionals="0" statements="11" coveredstatements="11" elements="12" coveredelements="12"/>
        </class>
        <line num="16" type="method" name="rules" visibility="public" complexity="1" crap="1" count="2"/>
        <line num="18" type="stmt" count="2"/>
        <line num="19" type="stmt" count="2"/>
        <line num="20" type="stmt" count="2"/>
        <line num="21" type="stmt" count="2"/>
        <line num="22" type="stmt" count="2"/>
        <line num="23" type="stmt" count="2"/>
        <line num="24" type="stmt" count="2"/>
        <line num="25" type="stmt" count="2"/>
        <line num="26" type="stmt" count="2"/>
        <line num="27" type="stmt" count="2"/>
        <line num="28" type="stmt" count="2"/>
        <metrics loc="31" ncloc="26" classes="1" methods="1" coveredmethods="1" conditionals="0" coveredconditionals="0" statements="11" coveredstatements="11" elements="12" coveredelements="12"/>
      </file>
    </package>
    <package name="App\Http\Resources\Api">
      <file name="C:\Foxminded\Task-12\app\Http\Resources\Api\CommonSchemas.php">
        <class name="App\Http\Resources\Api\CommonSchemas" namespace="App\Http\Resources\Api">
          <metrics complexity="0" methods="0" coveredmethods="0" conditionals="0" coveredconditionals="0" statements="0" coveredstatements="0" elements="0" coveredelements="0"/>
        </class>
        <metrics loc="133" ncloc="7" classes="0" methods="0" coveredmethods="0" conditionals="0" coveredconditionals="0" statements="0" coveredstatements="0" elements="0" coveredelements="0"/>
      </file>
    </package>
    <package name="App\Http\Resources\Api\V1">
      <file name="C:\Foxminded\Task-12\app\Http\Resources\Api\V1\CategoryCollection.php">
        <class name="App\Http\Resources\Api\V1\CategoryCollection" namespace="App\Http\Resources\Api\V1">
          <metrics complexity="2" methods="2" coveredmethods="2" conditionals="0" coveredconditionals="0" statements="9" coveredstatements="9" elements="11" coveredelements="11"/>
        </class>
        <line num="15" type="method" name="toArray" visibility="public" complexity="1" crap="1" count="6"/>
        <line num="18" type="stmt" count="6"/>
        <line num="19" type="stmt" count="6"/>
        <line num="20" type="stmt" count="6"/>
        <line num="26" type="method" name="with" visibility="public" complexity="1" crap="1" count="6"/>
        <line num="28" type="stmt" count="6"/>
        <line num="29" type="stmt" count="6"/>
        <line num="30" type="stmt" count="6"/>
        <line num="31" type="stmt" count="6"/>
        <line num="32" type="stmt" count="6"/>
        <line num="33" type="stmt" count="6"/>
        <metrics loc="35" ncloc="26" classes="1" methods="2" coveredmethods="2" conditionals="0" coveredconditionals="0" statements="9" coveredstatements="9" elements="11" coveredelements="11"/>
      </file>
      <file name="C:\Foxminded\Task-12\app\Http\Resources\Api\V1\CategoryResource.php">
        <class name="App\Http\Resources\Api\V1\CategoryResource" namespace="App\Http\Resources\Api\V1">
          <metrics complexity="3" methods="1" coveredmethods="1" conditionals="0" coveredconditionals="0" statements="31" coveredstatements="31" elements="32" coveredelements="32"/>
        </class>
        <line num="31" type="method" name="toArray" visibility="public" complexity="3" crap="3" count="27"/>
        <line num="33" type="stmt" count="27"/>
        <line num="34" type="stmt" count="27"/>
        <line num="35" type="stmt" count="27"/>
        <line num="36" type="stmt" count="27"/>
        <line num="37" type="stmt" count="27"/>
        <line num="38" type="stmt" count="27"/>
        <line num="39" type="stmt" count="27"/>
        <line num="40" type="stmt" count="27"/>
        <line num="41" type="stmt" count="27"/>
        <line num="42" type="stmt" count="27"/>
        <line num="43" type="stmt" count="27"/>
        <line num="46" type="stmt" count="27"/>
        <line num="47" type="stmt" count="27"/>
        <line num="48" type="stmt" count="27"/>
        <line num="49" type="stmt" count="8"/>
        <line num="50" type="stmt" count="8"/>
        <line num="51" type="stmt" count="8"/>
        <line num="52" type="stmt" count="8"/>
        <line num="53" type="stmt" count="8"/>
        <line num="54" type="stmt" count="8"/>
        <line num="55" type="stmt" count="3"/>
        <line num="56" type="stmt" count="3"/>
        <line num="57" type="stmt" count="3"/>
        <line num="58" type="stmt" count="3"/>
        <line num="59" type="stmt" count="3"/>
        <line num="60" type="stmt" count="8"/>
        <line num="61" type="stmt" count="8"/>
        <line num="62" type="stmt" count="8"/>
        <line num="63" type="stmt" count="27"/>
        <line num="64" type="stmt" count="27"/>
        <line num="65" type="stmt" count="27"/>
        <metrics loc="67" ncloc="45" classes="1" methods="1" coveredmethods="1" conditionals="0" coveredconditionals="0" statements="31" coveredstatements="31" elements="32" coveredelements="32"/>
      </file>
      <file name="C:\Foxminded\Task-12\app\Http\Resources\Api\V1\CommentCollection.php">
        <class name="App\Http\Resources\Api\V1\CommentCollection" namespace="App\Http\Resources\Api\V1">
          <metrics complexity="2" methods="2" coveredmethods="2" conditionals="0" coveredconditionals="0" statements="9" coveredstatements="9" elements="11" coveredelements="11"/>
        </class>
        <line num="15" type="method" name="toArray" visibility="public" complexity="1" crap="1" count="10"/>
        <line num="18" type="stmt" count="10"/>
        <line num="19" type="stmt" count="10"/>
        <line num="20" type="stmt" count="10"/>
        <line num="26" type="method" name="with" visibility="public" complexity="1" crap="1" count="9"/>
        <line num="28" type="stmt" count="9"/>
        <line num="29" type="stmt" count="9"/>
        <line num="30" type="stmt" count="9"/>
        <line num="31" type="stmt" count="9"/>
        <line num="32" type="stmt" count="9"/>
        <line num="33" type="stmt" count="9"/>
        <metrics loc="35" ncloc="26" classes="1" methods="2" coveredmethods="2" conditionals="0" coveredconditionals="0" statements="9" coveredstatements="9" elements="11" coveredelements="11"/>
      </file>
      <file name="C:\Foxminded\Task-12\app\Http\Resources\Api\V1\CommentResource.php">
        <class name="App\Http\Resources\Api\V1\CommentResource" namespace="App\Http\Resources\Api\V1">
          <metrics complexity="2" methods="1" coveredmethods="1" conditionals="0" coveredconditionals="0" statements="12" coveredstatements="12" elements="13" coveredelements="13"/>
        </class>
        <line num="25" type="method" name="toArray" visibility="public" complexity="2" crap="2" count="20"/>
        <line num="27" type="stmt" count="20"/>
        <line num="28" type="stmt" count="20"/>
        <line num="29" type="stmt" count="20"/>
        <line num="30" type="stmt" count="20"/>
        <line num="31" type="stmt" count="20"/>
        <line num="32" type="stmt" count="20"/>
        <line num="33" type="stmt" count="20"/>
        <line num="34" type="stmt" count="20"/>
        <line num="35" type="stmt" count="20"/>
        <line num="37" type="stmt" count="20"/>
        <line num="38" type="stmt" count="20"/>
        <line num="41" type="stmt" count="20"/>
        <metrics loc="43" ncloc="28" classes="1" methods="1" coveredmethods="1" conditionals="0" coveredconditionals="0" statements="12" coveredstatements="12" elements="13" coveredelements="13"/>
      </file>
      <file name="C:\Foxminded\Task-12\app\Http\Resources\Api\V1\PostCollection.php">
        <class name="App\Http\Resources\Api\V1\PostCollection" namespace="App\Http\Resources\Api\V1">
          <metrics complexity="2" methods="2" coveredmethods="2" conditionals="0" coveredconditionals="0" statements="12" coveredstatements="12" elements="14" coveredelements="14"/>
        </class>
        <line num="15" type="method" name="toArray" visibility="public" complexity="1" crap="1" count="3"/>
        <line num="17" type="stmt" count="3"/>
        <line num="18" type="stmt" count="3"/>
        <line num="19" type="stmt" count="3"/>
        <line num="27" type="method" name="with" visibility="public" complexity="1" crap="1" count="2"/>
        <line num="29" type="stmt" count="2"/>
        <line num="30" type="stmt" count="2"/>
        <line num="31" type="stmt" count="2"/>
        <line num="32" type="stmt" count="2"/>
        <line num="33" type="stmt" count="2"/>
        <line num="34" type="stmt" count="2"/>
        <line num="35" type="stmt" count="2"/>
        <line num="36" type="stmt" count="2"/>
        <line num="37" type="stmt" count="2"/>
        <metrics loc="39" ncloc="29" classes="1" methods="2" coveredmethods="2" conditionals="0" coveredconditionals="0" statements="12" coveredstatements="12" elements="14" coveredelements="14"/>
      </file>
      <file name="C:\Foxminded\Task-12\app\Http\Resources\Api\V1\PostResource.php">
        <class name="App\Http\Resources\Api\V1\PostResource" namespace="App\Http\Resources\Api\V1">
          <metrics complexity="4" methods="1" coveredmethods="1" conditionals="0" coveredconditionals="0" statements="20" coveredstatements="20" elements="21" coveredelements="21"/>
        </class>
        <line num="37" type="method" name="toArray" visibility="public" complexity="4" crap="4" count="32"/>
        <line num="39" type="stmt" count="32"/>
        <line num="40" type="stmt" count="32"/>
        <line num="41" type="stmt" count="32"/>
        <line num="42" type="stmt" count="32"/>
        <line num="43" type="stmt" count="32"/>
        <line num="44" type="stmt" count="32"/>
        <line num="45" type="stmt" count="32"/>
        <line num="46" type="stmt" count="32"/>
        <line num="47" type="stmt" count="32"/>
        <line num="48" type="stmt" count="32"/>
        <line num="49" type="stmt" count="32"/>
        <line num="50" type="stmt" count="32"/>
        <line num="51" type="stmt" count="32"/>
        <line num="54" type="stmt" count="32"/>
        <line num="55" type="stmt" count="11"/>
        <line num="58" type="stmt" count="32"/>
        <line num="59" type="stmt" count="11"/>
        <line num="62" type="stmt" count="32"/>
        <line num="63" type="stmt" count="8"/>
        <line num="66" type="stmt" count="32"/>
        <metrics loc="68" ncloc="40" classes="1" methods="1" coveredmethods="1" conditionals="0" coveredconditionals="0" statements="20" coveredstatements="20" elements="21" coveredelements="21"/>
      </file>
      <file name="C:\Foxminded\Task-12\app\Http\Resources\Api\V1\TagCollection.php">
        <class name="App\Http\Resources\Api\V1\TagCollection" namespace="App\Http\Resources\Api\V1">
          <metrics complexity="2" methods="2" coveredmethods="2" conditionals="0" coveredconditionals="0" statements="21" coveredstatements="21" elements="23" coveredelements="23"/>
        </class>
        <line num="46" type="method" name="toArray" visibility="public" complexity="1" crap="1" count="13"/>
        <line num="48" type="stmt" count="13"/>
        <line num="49" type="stmt" count="13"/>
        <line num="50" type="stmt" count="13"/>
        <line num="51" type="stmt" count="13"/>
        <line num="52" type="stmt" count="13"/>
        <line num="53" type="stmt" count="13"/>
        <line num="54" type="stmt" count="13"/>
        <line num="55" type="stmt" count="13"/>
        <line num="56" type="stmt" count="13"/>
        <line num="57" type="stmt" count="13"/>
        <line num="58" type="stmt" count="13"/>
        <line num="59" type="stmt" count="13"/>
        <line num="60" type="stmt" count="13"/>
        <line num="61" type="stmt" count="13"/>
        <line num="62" type="stmt" count="13"/>
[...]
        <line num="84" type="stmt" count="195"/>
        <line num="85" type="stmt" count="7"/>
        <line num="87" type="stmt" count="206"/>
        <line num="89" type="stmt" count="206"/>
        <line num="90" type="stmt" count="8"/>
        <line num="91" type="stmt" count="3"/>
        <line num="93" type="stmt" count="206"/>
        <line num="96" type="method" name="posts" visibility="public" complexity="1" crap="1" count="40"/>
        <line num="98" type="stmt" count="40"/>
        <metrics loc="100" ncloc="36" classes="1" methods="2" coveredmethods="2" conditionals="0" coveredconditionals="0" statements="9" coveredstatements="9" elements="11" coveredelements="11"/>
      </file>
      <file name="C:\Foxminded\Task-12\app\Models\Comment.php">
        <class name="App\Models\Comment" namespace="App\Models">
          <metrics complexity="2" methods="2" coveredmethods="2" conditionals="0" coveredconditionals="0" statements="2" coveredstatements="2" elements="4" coveredelements="4"/>
        </class>
        <line num="78" type="method" name="post" visibility="public" complexity="1" crap="1" count="31"/>
        <line num="80" type="stmt" count="31"/>
        <line num="83" type="method" name="user" visibility="public" complexity="1" crap="1" count="3"/>
        <line num="85" type="stmt" count="3"/>
        <metrics loc="87" ncloc="30" classes="1" methods="2" coveredmethods="2" conditionals="0" coveredconditionals="0" statements="2" coveredstatements="2" elements="4" coveredelements="4"/>
      </file>
      <file name="C:\Foxminded\Task-12\app\Models\Post.php">
        <class name="App\Models\Post" namespace="App\Models">
          <metrics complexity="13" methods="7" coveredmethods="6" conditionals="0" coveredconditionals="0" statements="29" coveredstatements="21" elements="36" coveredelements="27"/>
        </class>
        <line num="140" type="method" name="booted" visibility="protected" complexity="6" crap="9.16" count="217"/>
        <line num="142" type="stmt" count="217"/>
        <line num="143" type="stmt" count="155"/>
        <line num="144" type="stmt" count="15"/>
        <line num="147" type="stmt" count="15"/>
        <line num="148" type="stmt" count="15"/>
        <line num="149" type="stmt" count="15"/>
        <line num="150" type="stmt" count="0"/>
        <line num="151" type="stmt" count="0"/>
        <line num="154" type="stmt" count="217"/>
        <line num="156" type="stmt" count="217"/>
        <line num="157" type="stmt" count="9"/>
        <line num="158" type="stmt" count="0"/>
        <line num="161" type="stmt" count="0"/>
        <line num="162" type="stmt" count="0"/>
        <line num="163" type="stmt" count="0"/>
        <line num="164" type="stmt" count="0"/>
        <line num="165" type="stmt" count="0"/>
        <line num="168" type="stmt" count="217"/>
        <line num="172" type="method" name="scopePublished" visibility="public" complexity="1" crap="1" count="14"/>
        <line num="174" type="stmt" count="14"/>
        <line num="178" type="method" name="scopeSearch" visibility="public" complexity="2" crap="2" count="6"/>
        <line num="180" type="stmt" count="6"/>
        <line num="181" type="stmt" count="1"/>
        <line num="184" type="stmt" count="5"/>
        <line num="185" type="stmt" count="5"/>
        <line num="186" type="stmt" count="5"/>
        <line num="187" type="stmt" count="5"/>
        <line num="191" type="method" name="category" visibility="public" complexity="1" crap="1" count="44"/>
        <line num="193" type="stmt" count="44"/>
        <line num="197" type="method" name="tags" visibility="public" complexity="1" crap="1" count="64"/>
        <line num="199" type="stmt" count="64"/>
        <line num="203" type="method" name="comments" visibility="public" complexity="1" crap="1" count="13"/>
        <line num="205" type="stmt" count="13"/>
        <line num="209" type="method" name="user" visibility="public" complexity="1" crap="1" count="24"/>
        <line num="211" type="stmt" count="24"/>
        <metrics loc="213" ncloc="97" classes="1" methods="7" coveredmethods="6" conditionals="0" coveredconditionals="0" statements="29" coveredstatements="21" elements="36" coveredelements="27"/>
      </file>
      <file name="C:\Foxminded\Task-12\app\Models\Tag.php">
        <class name="App\Models\Tag" namespace="App\Models">
          <metrics complexity="3" methods="2" coveredmethods="2" conditionals="0" coveredconditionals="0" statements="5" coveredstatements="5" elements="7" coveredelements="7"/>
        </class>
        <line num="59" type="method" name="booted" visibility="protected" complexity="2" crap="2" count="124"/>
        <line num="61" type="stmt" count="124"/>
        <line num="62" type="stmt" count="73"/>
        <line num="63" type="stmt" count="9"/>
        <line num="65" type="stmt" count="124"/>
        <line num="68" type="method" name="posts" visibility="public" complexity="1" crap="1" count="34"/>
        <line num="70" type="stmt" count="34"/>
        <metrics loc="73" ncloc="29" classes="1" methods="2" coveredmethods="2" conditionals="0" coveredconditionals="0" statements="5" coveredstatements="5" elements="7" coveredelements="7"/>
      </file>
      <file name="C:\Foxminded\Task-12\app\Models\User.php">
        <class name="App\Models\User" namespace="App\Models">
          <metrics complexity="3" methods="3" coveredmethods="3" conditionals="0" coveredconditionals="0" statements="7" coveredstatements="7" elements="10" coveredelements="10"/>
        </class>
        <line num="44" type="method" name="casts" visibility="protected" complexity="1" crap="1" count="326"/>
        <line num="46" type="stmt" count="326"/>
        <line num="47" type="stmt" count="326"/>
        <line num="48" type="stmt" count="326"/>
        <line num="49" type="stmt" count="326"/>
        <line num="50" type="stmt" count="326"/>
        <line num="56" type="method" name="posts" visibility="public" complexity="1" crap="1" count="7"/>
        <line num="58" type="stmt" count="7"/>
        <line num="64" type="method" name="comments" visibility="public" complexity="1" crap="1" count="2"/>
        <line num="66" type="stmt" count="2"/>
        <metrics loc="68" ncloc="45" classes="1" methods="3" coveredmethods="3" conditionals="0" coveredconditionals="0" statements="7" coveredstatements="7" elements="10" coveredelements="10"/>
      </file>
    </package>
    <package name="App\Policies">
      <file name="C:\Foxminded\Task-12\app\Policies\PostPolicy.php">
        <class name="App\Policies\PostPolicy" namespace="App\Policies">
          <metrics complexity="9" methods="5" coveredmethods="0" conditionals="0" coveredconditionals="0" statements="13" coveredstatements="0" elements="18" coveredelements="0"/>
        </class>
        <line num="13" type="method" name="viewAny" visibility="public" complexity="1" crap="2" count="0"/>
        <line num="15" type="stmt" count="0"/>
        <line num="21" type="method" name="view" visibility="public" complexity="1" crap="2" count="0"/>
        <line num="23" type="stmt" count="0"/>
        <line num="29" type="method" name="create" visibility="public" complexity="1" crap="2" count="0"/>
        <line num="31" type="stmt" count="0"/>
        <line num="37" type="method" name="update" visibility="public" complexity="3" crap="12" count="0"/>
        <line num="39" type="stmt" count="0"/>
        <line num="40" type="stmt" count="0"/>
        <line num="44" type="stmt" count="0"/>
        <line num="45" type="stmt" count="0"/>
        <line num="49" type="stmt" count="0"/>
        <line num="55" type="method" name="delete" visibility="public" complexity="3" crap="12" count="0"/>
        <line num="57" type="stmt" count="0"/>
        <line num="58" type="stmt" count="0"/>
        <line num="62" type="stmt" count="0"/>
        <line num="63" type="stmt" count="0"/>
        <line num="67" type="stmt" count="0"/>
        <metrics loc="69" ncloc="47" classes="1" methods="5" coveredmethods="0" conditionals="0" coveredconditionals="0" statements="13" coveredstatements="0" elements="18" coveredelements="0"/>
      </file>
    </package>
    <package name="App\Providers">
      <file name="C:\Foxminded\Task-12\app\Providers\AppServiceProvider.php">
        <class name="App\Providers\AppServiceProvider" namespace="App\Providers">
          <metrics complexity="2" methods="2" coveredmethods="2" conditionals="0" coveredconditionals="0" statements="12" coveredstatements="12" elements="14" coveredelements="14"/>
        </class>
        <line num="19" type="method" name="register" visibility="public" complexity="1" crap="1" count="437"/>
        <line num="22" type="stmt" count="437"/>
        <line num="23" type="stmt" count="43"/>
        <line num="24" type="stmt" count="437"/>
        <line num="26" type="stmt" count="437"/>
        <line num="27" type="stmt" count="31"/>
        <line num="28" type="stmt" count="437"/>
        <line num="30" type="stmt" count="437"/>
        <line num="31" type="stmt" count="25"/>
        <line num="32" type="stmt" count="437"/>
        <line num="38" type="method" name="boot" visibility="public" complexity="1" crap="1" count="437"/>
        <line num="40" type="stmt" count="437"/>
        <line num="43" type="stmt" count="437"/>
        <line num="45" type="stmt" count="437"/>
        <metrics loc="47" ncloc="39" classes="1" methods="2" coveredmethods="2" conditionals="0" coveredconditionals="0" statements="12" coveredstatements="12" elements="14" coveredelements="14"/>
      </file>
      <file name="C:\Foxminded\Task-12\app\Providers\AuthServiceProvider.php">
        <class name="App\Providers\AuthServiceProvider" namespace="App\Providers">
          <metrics complexity="1" methods="1" coveredmethods="0" conditionals="0" coveredconditionals="0" statements="1" coveredstatements="0" elements="2" coveredelements="0"/>
        </class>
        <line num="23" type="method" name="boot" visibility="public" complexity="1" crap="2" count="0"/>
        <line num="26" type="stmt" count="0"/>
        <metrics loc="27" ncloc="18" classes="1" methods="1" coveredmethods="0" conditionals="0" coveredconditionals="0" statements="1" coveredstatements="0" elements="2" coveredelements="0"/>
      </file>
    </package>
    <package name="App\Services">
      <file name="C:\Foxminded\Task-12\app\Services\CategoryService.php">
        <class name="App\Services\CategoryService" namespace="App\Services">
          <metrics complexity="3" methods="3" coveredmethods="3" conditionals="0" coveredconditionals="0" statements="3" coveredstatements="3" elements="6" coveredelements="6"/>
        </class>
        <line num="13" type="method" name="getAll" visibility="public" complexity="1" crap="1" count="10"/>
        <line num="15" type="stmt" count="10"/>
        <line num="18" type="method" name="find" visibility="public" complexity="1" crap="1" count="5"/>
        <line num="20" type="stmt" count="5"/>
        <line num="23" type="method" name="delete" visibility="public" complexity="1" crap="1" count="3"/>
        <line num="25" type="stmt" count="3"/>
        <metrics loc="27" ncloc="24" classes="1" methods="3" coveredmethods="3" conditionals="0" coveredconditionals="0" statements="3" coveredstatements="3" elements="6" coveredelements="6"/>
      </file>
      <file name="C:\Foxminded\Task-12\app\Services\CommentService.php">
        <class name="App\Services\CommentService" namespace="App\Services">
          <metrics complexity="4" methods="4" coveredmethods="4" conditionals="0" coveredconditionals="0" statements="15" coveredstatements="15" elements="19" coveredelements="19"/>
        </class>
        <line num="11" type="method" name="list" visibility="public" complexity="1" crap="1" count="1"/>
        <line num="13" type="stmt" count="1"/>
        <line num="16" type="method" name="create" visibility="public" complexity="1" crap="1" count="1"/>
        <line num="18" type="stmt" count="1"/>
        <line num="19" type="stmt" count="1"/>
        <line num="20" type="stmt" count="1"/>
        <line num="21" type="stmt" count="1"/>
        <line num="22" type="stmt" count="1"/>
        <line num="23" type="stmt" count="1"/>
        <line num="26" type="method" name="update" visibility="public" complexity="1" crap="1" count="1"/>
        <line num="28" type="stmt" count="1"/>
        <line num="29" type="stmt" count="1"/>
        <line num="30" type="stmt" count="1"/>
        <line num="31" type="stmt" count="1"/>
        <line num="32" type="stmt" count="1"/>
        <line num="33" type="stmt" count="1"/>
        <line num="34" type="stmt" count="1"/>
        <line num="37" type="method" name="delete" visibility="public" complexity="1" crap="1" count="1"/>
        <line num="39" type="stmt" count="1"/>
        <metrics loc="41" ncloc="41" classes="1" methods="4" coveredmethods="4" conditionals="0" coveredconditionals="0" statements="15" coveredstatements="15" elements="19" coveredelements="19"/>
      </file>
      <file name="C:\Foxminded\Task-12\app\Services\PostService.php">
        <class name="App\Services\PostService" namespace="App\Services">
          <metrics complexity="31" methods="4" coveredmethods="2" conditionals="0" coveredconditionals="0" statements="72" coveredstatements="60" elements="76" coveredelements="62"/>
        </class>
        <line num="16" type="method" name="getFilteredPosts" visibility="public" complexity="16" crap="17.09" count="16"/>
        <line num="18" type="stmt" count="16"/>
        <line num="21" type="stmt" count="16"/>
        <line num="22" type="stmt" count="16"/>
        <line num="23" type="stmt" count="5"/>
        <line num="24" type="stmt" count="5"/>
        <line num="25" type="stmt" count="5"/>
        <line num="26" type="stmt" count="5"/>
        <line num="30" type="stmt" count="16"/>
        <line num="31" type="stmt" count="16"/>
        <line num="32" type="stmt" count="16"/>
        <line num="33" type="stmt" count="4"/>
        <line num="34" type="stmt" count="4"/>
        <line num="35" type="stmt" count="4"/>
        <line num="38" type="stmt" count="0"/>
        <line num="39" type="stmt" count="0"/>
        <line num="40" type="stmt" count="0"/>
        <line num="45" type="stmt" count="16"/>
        <line num="46" type="stmt" count="16"/>
        <line num="47" type="stmt" count="1"/>
        <line num="51" type="stmt" count="16"/>
        <line num="52" type="stmt" count="16"/>
        <line num="53" type="stmt" count="16"/>
        <line num="54" type="stmt" count="4"/>
        <line num="55" type="stmt" count="4"/>
        <line num="56" type="stmt" count="4"/>
        <line num="57" type="stmt" count="4"/>
        <line num="58" type="stmt" count="4"/>
        <line num="61" type="stmt" count="0"/>
        <line num="62" type="stmt" count="0"/>
        <line num="63" type="stmt" count="0"/>
        <line num="68" type="stmt" count="16"/>
        <line num="69" type="stmt" count="16"/>
        <line num="70" type="stmt" count="1"/>
        <line num="71" type="stmt" count="1"/>
        <line num="72" type="stmt" count="1"/>
        <line num="76" type="stmt" count="16"/>
        <line num="78" type="stmt" count="16"/>
        <line num="84" type="method" name="createPost" visibility="public" complexity="7" crap="7" count="8"/>
        <line num="87" type="stmt" count="8"/>
        <line num="88" type="stmt" count="8"/>
        <line num="89" type="stmt" count="4"/>
        <line num="90" type="stmt" count="4"/>
        <line num="92" type="stmt" count="1"/>
        <line num="93" type="stmt" count="3"/>
        <line num="95" type="stmt" count="3"/>
        <line num="96" type="stmt" count="3"/>
        <line num="97" type="stmt" count="3"/>
        <line num="98" type="stmt" count="3"/>
        <line num="99" type="stmt" count="3"/>
        <line num="104" type="stmt" count="8"/>
        <line num="105" type="stmt" count="8"/>
        <line num="107" type="stmt" count="8"/>
        <line num="108" type="stmt" count="4"/>
        <line num="112" type="stmt" count="8"/>
        <line num="114" type="stmt" count="8"/>
        <line num="120" type="method" name="updatePost" visibility="public" complexity="7" crap="9.58" count="8"/>
        <line num="123" type="stmt" count="8"/>
        <line num="124" type="stmt" count="8"/>
        <line num="125" type="stmt" count="1"/>
        <line num="126" type="stmt" count="1"/>
        <line num="128" type="stmt" count="1"/>
        <line num="129" type="stmt" count="0"/>
        <line num="131" type="stmt" count="0"/>
        <line num="132" type="stmt" count="0"/>
        <line num="133" type="stmt" count="0"/>
        <line num="134" type="stmt" count="0"/>
        <line num="135" type="stmt" count="0"/>
        <line num="140" type="stmt" count="8"/>
        <line num="144" type="stmt" count="8"/>
        <line num="145" type="stmt" count="2"/>
        <line num="149" type="stmt" count="8"/>
        <line num="151" type="stmt" count="8"/>
        <line num="157" type="method" name="deletePost" visibility="public" complexity="1" crap="1" count="3"/>
        <line num="160" type="stmt" count="3"/>
        <line num="163" type="stmt" count="3"/>
        <metrics loc="165" ncloc="131" classes="1" methods="4" coveredmethods="2" conditionals="0" coveredconditionals="0" statements="72" coveredstatements="60" elements="76" coveredelements="62"/>
      </file>
      <file name="C:\Foxminded\Task-12\app\Services\TagService.php">
        <class name="App\Services\TagService" namespace="App\Services">
          <metrics complexity="1" methods="1" coveredmethods="1" conditionals="0" coveredconditionals="0" statements="1" coveredstatements="1" elements="2" coveredelements="2"/>
        </class>
        <line num="13" type="method" name="getAll" visibility="public" complexity="1" crap="1" count="8"/>
        <line num="15" type="stmt" count="8"/>
        <metrics loc="17" ncloc="14" classes="1" methods="1" coveredmethods="1" conditionals="0" coveredconditionals="0" statements="1" coveredstatements="1" elements="2" coveredelements="2"/>
      </file>
    </package>
    <package name="App\View\Components">
      <file name="C:\Foxminded\Task-12\app\View\Components\AppLayout.php">
        <class name="App\View\Components\AppLayout" namespace="App\View\Components">
          <metrics complexity="1" methods="1" coveredmethods="1" conditionals="0" coveredconditionals="0" statements="1" coveredstatements="1" elements="2" coveredelements="2"/>
        </class>
        <line num="13" type="method" name="render" visibility="public" complexity="1" crap="1" count="1"/>
        <line num="15" type="stmt" count="1"/>
        <metrics loc="18" ncloc="15" classes="1" methods="1" coveredmethods="1" conditionals="0" coveredconditionals="0" statements="1" coveredstatements="1" elements="2" coveredelements="2"/>
      </file>
      <file name="C:\Foxminded\Task-12\app\View\Components\GuestLayout.php">
        <class name="App\View\Components\GuestLayout" namespace="App\View\Components">
          <metrics complexity="1" methods="1" coveredmethods="1" conditionals="0" coveredconditionals="0" statements="1" coveredstatements="1" elements="2" coveredelements="2"/>
        </class>
        <line num="13" type="method" name="render" visibility="public" complexity="1" crap="1" count="8"/>
        <line num="15" type="stmt" count="8"/>
        <metrics loc="18" ncloc="15" classes="1" methods="1" coveredmethods="1" conditionals="0" coveredconditionals="0" statements="1" coveredstatements="1" elements="2" coveredelements="2"/>
      </file>
    </package>
    <metrics files="52" loc="4627" ncloc="2981" classes="49" methods="169" coveredmethods="141" conditionals="0" coveredconditionals="0" statements="1235" coveredstatements="1144" elements="1404" coveredelements="1285"/>
  </project>
</coverage>
